04-15 14:30:14 [SUCCESS] nonebot | NoneBot is initializing...
04-15 14:30:14 [INFO] nonebot | Current Env: dev
04-15 14:30:15 [SUCCESS] nonebot | Succeeded to load plugin "nonebot_plugin_apscheduler"
04-15 14:30:15 [SUCCESS] nonebot | Succeeded to load plugin "group_stats" from "plugins.group_stats"
04-15 14:30:15 [INFO] kun_response | kun_response: 使用预转换音频目录 kun/amr/，共 18 个文件
04-15 14:30:15 [SUCCESS] nonebot | Succeeded to load plugin "kun_response" from "plugins.kun_response"
04-15 14:30:15 [SUCCESS] nonebot | Running NoneBot...
04-15 14:30:15 [SUCCESS] nonebot | Loaded adapters: OneBot V11
04-15 14:30:15 [INFO] uvicorn | Started server process [28811]
04-15 14:30:15 [INFO] uvicorn | Waiting for application startup.
04-15 14:30:15 [INFO] nonebot_plugin_apscheduler | Scheduler Started
04-15 14:30:15 [INFO] group_stats | 已注册群统计日任务: id=group_stats_daily_job trigger=cron 13:00:00 timezone=Asia/Shanghai coalesce=true misfire_grace_time=300 max_instances=1
04-15 14:30:15 [INFO] group_stats | 已注册群统计间隔任务: id=group_stats_message_flush_job trigger=interval 30s coalesce=true max_instances=1
04-15 14:30:15 [INFO] group_stats | 已注册群统计日任务: id=group_stats_archive_job trigger=cron 03:30:00 timezone=Asia/Shanghai coalesce=true misfire_grace_time=300 max_instances=1
04-15 14:30:15 [INFO] group_stats | group_stats 插件启动完成，监控群数量=5，监控群ID=[1070187533,822841333,1027420558,609475572,820696008]，daily_time=13:00，archive_time=03:30，timezone=Asia/Shanghai，flush_interval=30s，archive_retention=30d
04-15 14:30:15 [INFO] uvicorn | Application startup complete.
04-15 14:30:15 [INFO] uvicorn | Uvicorn running on http://0.0.0.0:8080 (Press CTRL+C to quit)
04-15 14:30:18 [INFO] uvicorn | 172.18.0.3:33556 - "WebSocket /onebot/v11/ws" [accepted]
04-15 14:30:18 [INFO] nonebot | OneBot V11 | Bot 2561863360 connected
04-15 14:30:18 [INFO] websockets | connection open
04-15 14:30:20 [WARNING] nonebot | OneBot V11 | There's already a bot 2561863360, ignored
04-15 14:30:20 [INFO] uvicorn | 127.0.0.1:59794 - "WebSocket /onebot/v11/ws" 403
04-15 14:30:20 [INFO] websockets | connection rejected (403 Forbidden)
04-15 14:30:20 [INFO] websockets | connection closed
04-15 14:30:23 [WARNING] nonebot | OneBot V11 | There's already a bot 2561863360, ignored
04-15 14:30:23 [INFO] uvicorn | 127.0.0.1:59800 - "WebSocket /onebot/v11/ws" 403
04-15 14:30:23 [INFO] websockets | connection rejected (403 Forbidden)
04-15 14:30:23 [INFO] websockets | connection closed
04-15 14:30:26 [WARNING] nonebot | OneBot V11 | There's already a bot 2561863360, ignored
04-15 14:30:26 [INFO] uvicorn | 127.0.0.1:59816 - "WebSocket /onebot/v11/ws" 403
04-15 14:30:26 [INFO] websockets | connection rejected (403 Forbidden)
04-15 14:30:26 [INFO] websockets | connection closed
04-15 14:30:29 [WARNING] nonebot | OneBot V11 | There's already a bot 2561863360, ignored
04-15 14:30:29 [INFO] uvicorn | 127.0.0.1:34426 - "WebSocket /onebot/v11/ws" 403
04-15 14:30:29 [INFO] websockets | connection rejected (403 Forbidden)
04-15 14:30:29 [INFO] websockets | connection closed
04-15 14:30:32 [WARNING] nonebot | OneBot V11 | There's already a bot 2561863360, ignored
04-15 14:30:32 [INFO] uvicorn | 127.0.0.1:34440 - "WebSocket /onebot/v11/ws" 403
04-15 14:30:32 [INFO] websockets | connection rejected (403 Forbidden)
04-15 14:30:32 [INFO] websockets | connection closed
04-15 14:30:34 [SUCCESS] nonebot | OneBot V11 2561863360 | [message.group.normal]: Message 1406946973 from 3283792981@[群:1027420558] '英一不过线就凉凉了'
04-15 14:30:34 [INFO] nonebot | Event will be handled by Matcher(type='message', module=plugins.group_stats, lineno=295)
04-15 14:30:34 [INFO] nonebot | Matcher(type='message', module=plugins.group_stats, lineno=295) running complete
04-15 14:30:35 [WARNING] nonebot | OneBot V11 | There's already a bot 2561863360, ignored
04-15 14:30:35 [INFO] uvicorn | 127.0.0.1:34448 - "WebSocket /onebot/v11/ws" 403
04-15 14:30:35 [INFO] websockets | connection rejected (403 Forbidden)
04-15 14:30:35 [INFO] websockets | connection closed
04-15 14:30:38 [WARNING] nonebot | OneBot V11 | There's already a bot 2561863360, ignored
04-15 14:30:38 [INFO] uvicorn | 127.0.0.1:42330 - "WebSocket /onebot/v11/ws" 403
04-15 14:30:38 [INFO] websockets | connection rejected (403 Forbidden)
04-15 14:30:38 [INFO] websockets | connection closed
04-15 14:30:41 [WARNING] nonebot | OneBot V11 | There's already a bot 2561863360, ignored
04-15 14:30:41 [INFO] uvicorn | 127.0.0.1:42346 - "WebSocket /onebot/v11/ws" 403
04-15 14:30:41 [INFO] websockets | connection rejected (403 Forbidden)
04-15 14:30:41 [INFO] websockets | connection closed
04-15 14:30:44 [WARNING] nonebot | OneBot V11 | There's already a bot 2561863360, ignored
04-15 14:30:44 [INFO] uvicorn | 127.0.0.1:42362 - "WebSocket /onebot/v11/ws" 403
04-15 14:30:44 [INFO] websockets | connection rejected (403 Forbidden)
04-15 14:30:44 [INFO] websockets | connection closed
04-15 14:30:45 [INFO] group_stats | 消息统计缓存已刷盘: daily_user_rows=1 user_hourly_rows=1 group_hourly_rows=1
04-15 14:30:47 [SUCCESS] nonebot | OneBot V11 2561863360 | [message.group.normal]: Message 1012974104 from 2986461896@[群:609475572] 'star已经3了'
04-15 14:30:47 [INFO] nonebot | Event will be handled by Matcher(type='message', module=plugins.group_stats, lineno=295)
04-15 14:30:47 [INFO] nonebot | Matcher(type='message', module=plugins.group_stats, lineno=295) running complete
04-15 14:30:47 [WARNING] nonebot | OneBot V11 | There's already a bot 2561863360, ignored
04-15 14:30:47 [INFO] uvicorn | 127.0.0.1:35888 - "WebSocket /onebot/v11/ws" 403
04-15 14:30:47 [INFO] websockets | connection rejected (403 Forbidden)
04-15 14:30:47 [INFO] websockets | connection closed
04-15 14:30:49 [SUCCESS] nonebot | OneBot V11 2561863360 | [notice.group_msg_emoji_like]: {'time': 1776234649, 'self_id': 2561863360, 'post_type': 'notice', 'notice_type': 'group_msg_emoji_like', 'group_id': 609475572, 'user_id': 3823837448, 'message_id': 1012974104, 'likes': [{'emoji_id': '109', 'count': 1}], 'is_add': True}
04-15 14:30:50 [WARNING] nonebot | OneBot V11 | There's already a bot 2561863360, ignored
04-15 14:30:50 [INFO] uvicorn | 127.0.0.1:35898 - "WebSocket /onebot/v11/ws" 403
04-15 14:30:50 [INFO] websockets | connection rejected (403 Forbidden)
04-15 14:30:50 [INFO] websockets | connection closed
04-15 14:30:54 [WARNING] nonebot | OneBot V11 | There's already a bot 2561863360, ignored
04-15 14:30:54 [INFO] uvicorn | 127.0.0.1:35914 - "WebSocket /onebot/v11/ws" 403
04-15 14:30:54 [INFO] websockets | connection rejected (403 Forbidden)
04-15 14:30:54 [INFO] websockets | connection closed
04-15 14:30:55 [SUCCESS] nonebot | OneBot V11 2561863360 | [message.group.normal]: Message 1619998868 from 982086195@[群:1027420558] '25我还有50呢'
04-15 14:30:55 [INFO] nonebot | Event will be handled by Matcher(type='message', module=plugins.group_stats, lineno=295)
04-15 14:30:55 [INFO] nonebot | Matcher(type='message', module=plugins.group_stats, lineno=295) running complete
04-15 14:30:57 [WARNING] nonebot | OneBot V11 | There's already a bot 2561863360, ignored
04-15 14:30:57 [INFO] uvicorn | 127.0.0.1:35930 - "WebSocket /onebot/v11/ws" 403
04-15 14:30:57 [INFO] websockets | connection rejected (403 Forbidden)
04-15 14:30:57 [INFO] websockets | connection closed
04-15 14:30:57 [SUCCESS] nonebot | OneBot V11 2561863360 | [message.group.normal]: Message 1036919481 from 982086195@[群:1027420558] '😭😭😭'
04-15 14:30:57 [INFO] nonebot | Event will be handled by Matcher(type='message', module=plugins.group_stats, lineno=295)
04-15 14:30:57 [INFO] nonebot | Matcher(type='message', module=plugins.group_stats, lineno=295) running complete
04-15 14:31:00 [WARNING] nonebot | OneBot V11 | There's already a bot 2561863360, ignored
04-15 14:31:00 [INFO] uvicorn | 127.0.0.1:34828 - "WebSocket /onebot/v11/ws" 403
04-15 14:31:00 [INFO] websockets | connection rejected (403 Forbidden)
04-15 14:31:00 [INFO] websockets | connection closed
04-15 14:31:02 [SUCCESS] nonebot | OneBot V11 2561863360 | [message.group.normal]: Message 1161130032 from 2547713821@[群:1027420558] '[at:qq=2561863360] 怎么又有一个rob？'
04-15 14:31:02 [INFO] nonebot | Event will be handled by Matcher(type='message', module=plugins.kun_response, lineno=126)
04-15 14:31:02 [INFO] kun_response | kun_response: group_id=1027420558 触发，尝试发送音频: 多多为我投票.amr
04-15 14:31:03 [WARNING] nonebot | OneBot V11 | There's already a bot 2561863360, ignored
04-15 14:31:03 [INFO] uvicorn | 127.0.0.1:34832 - "WebSocket /onebot/v11/ws" 403
04-15 14:31:03 [INFO] websockets | connection rejected (403 Forbidden)
04-15 14:31:03 [INFO] websockets | connection closed
04-15 14:31:03 [INFO] nonebot | Matcher(type='message', module=plugins.kun_response, lineno=126) running complete
04-15 14:31:05 [SUCCESS] nonebot | OneBot V11 2561863360 | [message.group.normal]: Message 1516791292 from 982086195@[群:1027420558] '26变40了'
04-15 14:31:05 [INFO] nonebot | Event will be handled by Matcher(type='message', module=plugins.group_stats, lineno=295)
04-15 14:31:05 [INFO] nonebot | Matcher(type='message', module=plugins.group_stats, lineno=295) running complete
04-15 14:31:06 [WARNING] nonebot | OneBot V11 | There's already a bot 2561863360, ignored
04-15 14:31:06 [INFO] uvicorn | 127.0.0.1:34842 - "WebSocket /onebot/v11/ws" 403
04-15 14:31:06 [INFO] websockets | connection rejected (403 Forbidden)
04-15 14:31:06 [INFO] websockets | connection closed
04-15 14:31:09 [WARNING] nonebot | OneBot V11 | There's already a bot 2561863360, ignored
04-15 14:31:09 [INFO] uvicorn | 127.0.0.1:56342 - "WebSocket /onebot/v11/ws" 403
04-15 14:31:09 [INFO] websockets | connection rejected (403 Forbidden)
04-15 14:31:09 [INFO] websockets | connection closed
04-15 14:31:12 [WARNING] nonebot | OneBot V11 | There's already a bot 2561863360, ignored
04-15 14:31:12 [INFO] uvicorn | 127.0.0.1:56348 - "WebSocket /onebot/v11/ws" 403
04-15 14:31:12 [INFO] websockets | connection rejected (403 Forbidden)
04-15 14:31:12 [INFO] websockets | connection closed
04-15 14:31:13 [SUCCESS] nonebot | OneBot V11 2561863360 | [message.group.normal]: Message 804892188 from 982086195@[群:1027420558] '[at:qq=2561863360] 真的是你呀'
04-15 14:31:13 [INFO] nonebot | Event will be handled by Matcher(type='message', module=plugins.kun_response, lineno=126)
04-15 14:31:13 [INFO] kun_response | kun_response: group_id=1027420558 触发，尝试发送音频: 本草鸡目.amr
04-15 14:31:14 [SUCCESS] nonebot | OneBot V11 2561863360 | [message.group.normal]: Message 1147361626 from 2986461896@[群:609475572] '将你的选股项目开源，star就多了'
04-15 14:31:14 [INFO] nonebot | Event will be handled by Matcher(type='message', module=plugins.group_stats, lineno=295)
04-15 14:31:14 [INFO] nonebot | Matcher(type='message', module=plugins.group_stats, lineno=295) running complete
04-15 14:31:14 [INFO] nonebot | Matcher(type='message', module=plugins.kun_response, lineno=126) running complete
04-15 14:31:15 [WARNING] nonebot | OneBot V11 | There's already a bot 2561863360, ignored
04-15 14:31:15 [INFO] uvicorn | 127.0.0.1:56360 - "WebSocket /onebot/v11/ws" 403
04-15 14:31:15 [INFO] websockets | connection rejected (403 Forbidden)
04-15 14:31:15 [INFO] websockets | connection closed
04-15 14:31:15 [INFO] group_stats | 消息统计缓存已刷盘: daily_user_rows=2 user_hourly_rows=2 group_hourly_rows=2
04-15 14:31:17 [SUCCESS] nonebot | OneBot V11 2561863360 | [message.group.normal]: Message 849285867 from 2986461896@[群:609475572] '[image:summary=[/斜眼笑],file=D4E170AE12DD9CC9594121CC21ECD4BF.jpg,sub_type=7,url=https://multimedia.nt.qq.com.cn/download?appid=1407&fileid=EhTENadN...,file_size=1901]'
04-15 14:31:17 [INFO] nonebot | Event will be handled by Matcher(type='message', module=plugins.group_stats, lineno=295)
04-15 14:31:17 [INFO] nonebot | Matcher(type='message', module=plugins.group_stats, lineno=295) running complete
04-15 14:31:18 [WARNING] nonebot | OneBot V11 | There's already a bot 2561863360, ignored
04-15 14:31:18 [INFO] uvicorn | 127.0.0.1:46228 - "WebSocket /onebot/v11/ws" 403
04-15 14:31:18 [INFO] websockets | connection rejected (403 Forbidden)
04-15 14:31:18 [INFO] websockets | connection closed
04-15 14:31:20 [SUCCESS] nonebot | OneBot V11 2561863360 | [message.group.normal]: Message 156095247 from 2547713821@[群:1027420558] '黑是吧'
04-15 14:31:20 [INFO] nonebot | Event will be handled by Matcher(type='message', module=plugins.group_stats, lineno=295)
04-15 14:31:20 [INFO] nonebot | Matcher(type='message', module=plugins.group_stats, lineno=295) running complete
04-15 14:31:21 [WARNING] nonebot | OneBot V11 | There's already a bot 2561863360, ignored
04-15 14:31:21 [INFO] uvicorn | 127.0.0.1:46230 - "WebSocket /onebot/v11/ws" 403
04-15 14:31:21 [INFO] websockets | connection rejected (403 Forbidden)
04-15 14:31:21 [INFO] websockets | connection closed
04-15 14:31:22 [SUCCESS] nonebot | OneBot V11 2561863360 | [notice.group_recall]: {'time': 1776234682, 'self_id': 2561863360, 'post_type': 'notice', 'notice_type': 'group_recall', 'user_id': 2547713821, 'group_id': 1027420558, 'operator_id': 2547713821, 'message_id': 156095247}
04-15 14:31:24 [WARNING] nonebot | OneBot V11 | There's already a bot 2561863360, ignored
04-15 14:31:24 [INFO] uvicorn | 127.0.0.1:46244 - "WebSocket /onebot/v11/ws" 403
04-15 14:31:24 [INFO] websockets | connection rejected (403 Forbidden)
04-15 14:31:24 [INFO] websockets | connection closed
04-15 14:31:26 [SUCCESS] nonebot | OneBot V11 2561863360 | [message.group.normal]: Message 696978934 from 2547713821@[群:1027420558] '[at:qq=2561863360] 黑是吧'
04-15 14:31:26 [INFO] nonebot | Event will be handled by Matcher(type='message', module=plugins.kun_response, lineno=126)
04-15 14:31:26 [INFO] kun_response | kun_response: group_id=1027420558 触发，尝试发送音频: 最伟大的鸡.amr
04-15 14:31:27 [INFO] nonebot | Matcher(type='message', module=plugins.kun_response, lineno=126) running complete
04-15 14:31:27 [WARNING] nonebot | OneBot V11 | There's already a bot 2561863360, ignored
04-15 14:31:27 [INFO] uvicorn | 127.0.0.1:46258 - "WebSocket /onebot/v11/ws" 403
04-15 14:31:27 [INFO] websockets | connection rejected (403 Forbidden)
04-15 14:31:27 [INFO] websockets | connection closed
04-15 14:31:27 [INFO] uvicorn | Shutting down
04-15 14:31:27 [WARNING] nonebot | OneBot V11 | WebSocket for Bot 2561863360 closed by peer
04-15 14:31:27 [INFO] websockets | connection closed
04-15 14:31:27 [INFO] uvicorn | Waiting for application shutdown.
04-15 14:31:27 [INFO] group_stats | 消息统计缓存已刷盘: daily_user_rows=2 user_hourly_rows=2 group_hourly_rows=2
04-15 14:31:27 [INFO] nonebot_plugin_apscheduler | Scheduler Shutdown
04-15 14:31:27 [INFO] uvicorn | Application shutdown complete.
04-15 14:31:27 [INFO] uvicorn | Finished server process [28811]
